[2024-09-03T16:37:59.678+0530][gc] Using G1
[2024-09-03T16:37:59.706+0530][gc,init] Version: 17.0.8+9-LTS-211 (release)
[2024-09-03T16:37:59.706+0530][gc,init] CPUs: 8 total, 8 available
[2024-09-03T16:37:59.706+0530][gc,init] Memory: 16384M
[2024-09-03T16:37:59.707+0530][gc,init] Large Page Support: Disabled
[2024-09-03T16:37:59.707+0530][gc,init] NUMA Support: Disabled
[2024-09-03T16:37:59.707+0530][gc,init] Compressed Oops: Enabled (Zero based)
[2024-09-03T16:37:59.707+0530][gc,init] Heap Region Size: 1M
[2024-09-03T16:37:59.707+0530][gc,init] Heap Min Capacity: 1G
[2024-09-03T16:37:59.707+0530][gc,init] Heap Initial Capacity: 1G
[2024-09-03T16:37:59.707+0530][gc,init] Heap Max Capacity: 1G
[2024-09-03T16:37:59.707+0530][gc,init] Pre-touch: Disabled
[2024-09-03T16:37:59.707+0530][gc,init] Parallel Workers: 8
[2024-09-03T16:37:59.707+0530][gc,init] Concurrent Workers: 2
[2024-09-03T16:37:59.707+0530][gc,init] Concurrent Refinement Workers: 8
[2024-09-03T16:37:59.707+0530][gc,init] Periodic GC: Disabled
[2024-09-03T16:37:59.728+0530][gc,metaspace] CDS archive(s) mapped at: [0x000000012d000000-0x000000012dbe4000-0x000000012dbe4000), size 12468224, SharedBaseAddress: 0x000000012d000000, ArchiveRelocationMode: 1.
[2024-09-03T16:37:59.728+0530][gc,metaspace] Compressed class space mapped at: 0x000000012e000000-0x000000016e000000, reserved size: 1073741824
[2024-09-03T16:37:59.728+0530][gc,metaspace] Narrow klass base: 0x000000012d000000, Narrow klass shift: 0, Narrow klass range: 0x100000000
[2024-09-03T16:38:02.096+0530][gc,start    ] GC(0) Pause Young (Normal) (G1 Evacuation Pause)
[2024-09-03T16:38:02.097+0530][gc,task     ] GC(0) Using 8 workers of 8 for evacuation
[2024-09-03T16:38:02.113+0530][gc,phases   ] GC(0)   Pre Evacuate Collection Set: 0.2ms
[2024-09-03T16:38:02.113+0530][gc,phases   ] GC(0)   Merge Heap Roots: 0.2ms
[2024-09-03T16:38:02.113+0530][gc,phases   ] GC(0)   Evacuate Collection Set: 13.7ms
[2024-09-03T16:38:02.113+0530][gc,phases   ] GC(0)   Post Evacuate Collection Set: 0.8ms
[2024-09-03T16:38:02.113+0530][gc,phases   ] GC(0)   Other: 1.5ms
[2024-09-03T16:38:02.113+0530][gc,heap     ] GC(0) Eden regions: 51->0(44)
[2024-09-03T16:38:02.113+0530][gc,heap     ] GC(0) Survivor regions: 0->7(7)
[2024-09-03T16:38:02.113+0530][gc,heap     ] GC(0) Old regions: 0->1
[2024-09-03T16:38:02.113+0530][gc,heap     ] GC(0) Archive regions: 2->2
[2024-09-03T16:38:02.113+0530][gc,heap     ] GC(0) Humongous regions: 0->0
[2024-09-03T16:38:02.113+0530][gc,metaspace] GC(0) Metaspace: 18163K(18304K)->18163K(18304K) NonClass: 15990K(16064K)->15990K(16064K) Class: 2172K(2240K)->2172K(2240K)
[2024-09-03T16:38:02.113+0530][gc          ] GC(0) Pause Young (Normal) (G1 Evacuation Pause) 51M->8M(1024M) 16.545ms
[2024-09-03T16:38:02.113+0530][gc,cpu      ] GC(0) User=0.06s Sys=0.02s Real=0.02s
[2024-09-03T16:38:02.632+0530][gc,start    ] GC(1) Pause Young (Concurrent Start) (Metadata GC Threshold)
[2024-09-03T16:38:02.632+0530][gc,task     ] GC(1) Using 8 workers of 8 for evacuation
[2024-09-03T16:38:02.643+0530][gc,phases   ] GC(1)   Pre Evacuate Collection Set: 0.2ms
[2024-09-03T16:38:02.643+0530][gc,phases   ] GC(1)   Merge Heap Roots: 0.1ms
[2024-09-03T16:38:02.643+0530][gc,phases   ] GC(1)   Evacuate Collection Set: 9.0ms
[2024-09-03T16:38:02.643+0530][gc,phases   ] GC(1)   Post Evacuate Collection Set: 0.7ms
[2024-09-03T16:38:02.643+0530][gc,phases   ] GC(1)   Other: 0.4ms
[2024-09-03T16:38:02.643+0530][gc,heap     ] GC(1) Eden regions: 13->0(49)
[2024-09-03T16:38:02.643+0530][gc,heap     ] GC(1) Survivor regions: 7->2(7)
[2024-09-03T16:38:02.643+0530][gc,heap     ] GC(1) Old regions: 1->8
[2024-09-03T16:38:02.643+0530][gc,heap     ] GC(1) Archive regions: 2->2
[2024-09-03T16:38:02.643+0530][gc,heap     ] GC(1) Humongous regions: 0->0
[2024-09-03T16:38:02.643+0530][gc,metaspace] GC(1) Metaspace: 21290K(21504K)->21290K(21504K) NonClass: 18731K(18880K)->18731K(18880K) Class: 2559K(2624K)->2559K(2624K)
[2024-09-03T16:38:02.643+0530][gc          ] GC(1) Pause Young (Concurrent Start) (Metadata GC Threshold) 21M->10M(1024M) 10.598ms
[2024-09-03T16:38:02.643+0530][gc,cpu      ] GC(1) User=0.05s Sys=0.02s Real=0.01s
[2024-09-03T16:38:02.643+0530][gc          ] GC(2) Concurrent Mark Cycle
[2024-09-03T16:38:02.643+0530][gc,marking  ] GC(2) Concurrent Clear Claimed Marks
[2024-09-03T16:38:02.643+0530][gc,marking  ] GC(2) Concurrent Clear Claimed Marks 0.029ms
[2024-09-03T16:38:02.643+0530][gc,marking  ] GC(2) Concurrent Scan Root Regions
[2024-09-03T16:38:02.647+0530][gc,marking  ] GC(2) Concurrent Scan Root Regions 4.254ms
[2024-09-03T16:38:02.648+0530][gc,marking  ] GC(2) Concurrent Mark
[2024-09-03T16:38:02.648+0530][gc,marking  ] GC(2) Concurrent Mark From Roots
[2024-09-03T16:38:02.648+0530][gc,task     ] GC(2) Using 2 workers of 2 for marking
[2024-09-03T16:38:02.650+0530][gc,marking  ] GC(2) Concurrent Mark From Roots 2.498ms
[2024-09-03T16:38:02.650+0530][gc,marking  ] GC(2) Concurrent Preclean
[2024-09-03T16:38:02.650+0530][gc,marking  ] GC(2) Concurrent Preclean 0.061ms
[2024-09-03T16:38:02.762+0530][gc,start    ] GC(2) Pause Remark
[2024-09-03T16:38:02.765+0530][gc          ] GC(2) Pause Remark 139M->139M(1024M) 2.378ms
[2024-09-03T16:38:02.765+0530][gc,cpu      ] GC(2) User=0.00s Sys=0.00s Real=0.00s
[2024-09-03T16:38:02.765+0530][gc,marking  ] GC(2) Concurrent Mark 117.356ms
[2024-09-03T16:38:02.765+0530][gc,marking  ] GC(2) Concurrent Rebuild Remembered Sets
[2024-09-03T16:38:02.770+0530][gc,marking  ] GC(2) Concurrent Rebuild Remembered Sets 4.808ms
[2024-09-03T16:38:02.770+0530][gc,start    ] GC(2) Pause Cleanup
[2024-09-03T16:38:02.770+0530][gc          ] GC(2) Pause Cleanup 139M->139M(1024M) 0.218ms
[2024-09-03T16:38:02.770+0530][gc,cpu      ] GC(2) User=0.00s Sys=0.00s Real=0.00s
[2024-09-03T16:38:02.770+0530][gc,marking  ] GC(2) Concurrent Cleanup for Next Mark
[2024-09-03T16:38:02.782+0530][gc,marking  ] GC(2) Concurrent Cleanup for Next Mark 12.005ms
[2024-09-03T16:38:02.782+0530][gc          ] GC(2) Concurrent Mark Cycle 139.385ms
[2024-09-03T16:38:03.867+0530][gc,start    ] GC(3) Pause Young (Normal) (G1 Evacuation Pause)
[2024-09-03T16:38:03.867+0530][gc,task     ] GC(3) Using 8 workers of 8 for evacuation
[2024-09-03T16:38:03.876+0530][gc,phases   ] GC(3)   Pre Evacuate Collection Set: 0.2ms
[2024-09-03T16:38:03.876+0530][gc,phases   ] GC(3)   Merge Heap Roots: 0.1ms
[2024-09-03T16:38:03.876+0530][gc,phases   ] GC(3)   Evacuate Collection Set: 7.6ms
[2024-09-03T16:38:03.876+0530][gc,phases   ] GC(3)   Post Evacuate Collection Set: 0.8ms
[2024-09-03T16:38:03.876+0530][gc,phases   ] GC(3)   Other: 0.2ms
[2024-09-03T16:38:03.876+0530][gc,heap     ] GC(3) Eden regions: 49->0(44)
[2024-09-03T16:38:03.876+0530][gc,heap     ] GC(3) Survivor regions: 2->7(7)
[2024-09-03T16:38:03.877+0530][gc,heap     ] GC(3) Old regions: 8->8
[2024-09-03T16:38:03.877+0530][gc,heap     ] GC(3) Archive regions: 2->2
[2024-09-03T16:38:03.877+0530][gc,heap     ] GC(3) Humongous regions: 129->129
[2024-09-03T16:38:03.877+0530][gc,metaspace] GC(3) Metaspace: 32498K(32704K)->32498K(32704K) NonClass: 28912K(28992K)->28912K(28992K) Class: 3585K(3712K)->3585K(3712K)
[2024-09-03T16:38:03.877+0530][gc          ] GC(3) Pause Young (Normal) (G1 Evacuation Pause) 188M->143M(1024M) 9.219ms
[2024-09-03T16:38:03.877+0530][gc,cpu      ] GC(3) User=0.06s Sys=0.00s Real=0.01s
[2024-09-03T16:39:41.632+0530][gc,start    ] GC(4) Pause Young (Concurrent Start) (Metadata GC Threshold)
[2024-09-03T16:39:41.632+0530][gc,task     ] GC(4) Using 8 workers of 8 for evacuation
[2024-09-03T16:39:41.702+0530][gc,mmu      ] GC(4) MMU target violated: 21.0ms (20.0ms/21.0ms)
[2024-09-03T16:39:41.702+0530][gc,phases   ] GC(4)   Pre Evacuate Collection Set: 1.7ms
[2024-09-03T16:39:41.702+0530][gc,phases   ] GC(4)   Merge Heap Roots: 0.3ms
[2024-09-03T16:39:41.702+0530][gc,phases   ] GC(4)   Evacuate Collection Set: 65.2ms
[2024-09-03T16:39:41.702+0530][gc,phases   ] GC(4)   Post Evacuate Collection Set: 1.9ms
[2024-09-03T16:39:41.702+0530][gc,phases   ] GC(4)   Other: 1.2ms
[2024-09-03T16:39:41.702+0530][gc,heap     ] GC(4) Eden regions: 16->0(49)
[2024-09-03T16:39:41.702+0530][gc,heap     ] GC(4) Survivor regions: 7->2(7)
[2024-09-03T16:39:41.702+0530][gc,heap     ] GC(4) Old regions: 8->14
[2024-09-03T16:39:41.702+0530][gc,heap     ] GC(4) Archive regions: 2->2
[2024-09-03T16:39:41.702+0530][gc,heap     ] GC(4) Humongous regions: 129->129
[2024-09-03T16:39:41.702+0530][gc,metaspace] GC(4) Metaspace: 35628K(35968K)->35628K(35968K) NonClass: 31599K(31744K)->31599K(31744K) Class: 4029K(4224K)->4029K(4224K)
[2024-09-03T16:39:41.702+0530][gc          ] GC(4) Pause Young (Concurrent Start) (Metadata GC Threshold) 158M->144M(1024M) 70.524ms
[2024-09-03T16:39:41.702+0530][gc,cpu      ] GC(4) User=0.12s Sys=0.10s Real=0.07s
[2024-09-03T16:39:41.703+0530][gc          ] GC(5) Concurrent Mark Cycle
[2024-09-03T16:39:41.703+0530][gc,marking  ] GC(5) Concurrent Clear Claimed Marks
[2024-09-03T16:39:41.703+0530][gc,marking  ] GC(5) Concurrent Clear Claimed Marks 0.129ms
[2024-09-03T16:39:41.703+0530][gc,marking  ] GC(5) Concurrent Scan Root Regions
[2024-09-03T16:39:41.714+0530][gc,marking  ] GC(5) Concurrent Scan Root Regions 10.477ms
[2024-09-03T16:39:41.714+0530][gc,marking  ] GC(5) Concurrent Mark
[2024-09-03T16:39:41.714+0530][gc,marking  ] GC(5) Concurrent Mark From Roots
[2024-09-03T16:39:41.714+0530][gc,task     ] GC(5) Using 2 workers of 2 for marking
[2024-09-03T16:39:41.734+0530][gc,marking  ] GC(5) Concurrent Mark From Roots 20.323ms
[2024-09-03T16:39:41.734+0530][gc,marking  ] GC(5) Concurrent Preclean
[2024-09-03T16:39:41.735+0530][gc,marking  ] GC(5) Concurrent Preclean 0.220ms
[2024-09-03T16:39:41.735+0530][gc,start    ] GC(5) Pause Remark
[2024-09-03T16:39:41.741+0530][gc          ] GC(5) Pause Remark 146M->146M(1024M) 6.070ms
[2024-09-03T16:39:41.741+0530][gc,cpu      ] GC(5) User=0.02s Sys=0.01s Real=0.01s
[2024-09-03T16:39:41.741+0530][gc,marking  ] GC(5) Concurrent Mark 27.222ms
[2024-09-03T16:39:41.741+0530][gc,marking  ] GC(5) Concurrent Rebuild Remembered Sets
[2024-09-03T16:39:41.758+0530][gc,marking  ] GC(5) Concurrent Rebuild Remembered Sets 17.211ms
[2024-09-03T16:39:41.759+0530][gc,start    ] GC(5) Pause Cleanup
[2024-09-03T16:39:41.761+0530][gc          ] GC(5) Pause Cleanup 147M->147M(1024M) 1.871ms
[2024-09-03T16:39:41.761+0530][gc,cpu      ] GC(5) User=0.00s Sys=0.00s Real=0.01s
[2024-09-03T16:39:41.761+0530][gc,marking  ] GC(5) Concurrent Cleanup for Next Mark
[2024-09-03T16:39:41.788+0530][gc,marking  ] GC(5) Concurrent Cleanup for Next Mark 26.315ms
[2024-09-03T16:39:41.788+0530][gc          ] GC(5) Concurrent Mark Cycle 84.585ms
[2024-09-03T16:44:30.517+0530][gc,start    ] GC(6) Pause Young (Normal) (G1 Evacuation Pause)
[2024-09-03T16:44:30.517+0530][gc,task     ] GC(6) Using 8 workers of 8 for evacuation
[2024-09-03T16:44:30.547+0530][gc,mmu      ] GC(6) MMU target violated: 21.0ms (20.0ms/21.0ms)
[2024-09-03T16:44:30.547+0530][gc,phases   ] GC(6)   Pre Evacuate Collection Set: 1.1ms
[2024-09-03T16:44:30.547+0530][gc,phases   ] GC(6)   Merge Heap Roots: 0.2ms
[2024-09-03T16:44:30.547+0530][gc,phases   ] GC(6)   Evacuate Collection Set: 28.1ms
[2024-09-03T16:44:30.547+0530][gc,phases   ] GC(6)   Post Evacuate Collection Set: 0.7ms
[2024-09-03T16:44:30.547+0530][gc,phases   ] GC(6)   Other: 0.7ms
[2024-09-03T16:44:30.547+0530][gc,heap     ] GC(6) Eden regions: 49->0(47)
[2024-09-03T16:44:30.547+0530][gc,heap     ] GC(6) Survivor regions: 2->4(7)
[2024-09-03T16:44:30.547+0530][gc,heap     ] GC(6) Old regions: 14->14
[2024-09-03T16:44:30.547+0530][gc,heap     ] GC(6) Archive regions: 2->2
[2024-09-03T16:44:30.547+0530][gc,heap     ] GC(6) Humongous regions: 129->129
[2024-09-03T16:44:30.547+0530][gc,metaspace] GC(6) Metaspace: 40606K(41088K)->40606K(41088K) NonClass: 35905K(36160K)->35905K(36160K) Class: 4700K(4928K)->4700K(4928K)
[2024-09-03T16:44:30.547+0530][gc          ] GC(6) Pause Young (Normal) (G1 Evacuation Pause) 193M->147M(1024M) 30.836ms
[2024-09-03T16:44:30.547+0530][gc,cpu      ] GC(6) User=0.03s Sys=0.11s Real=0.03s
[2024-09-03T16:46:07.371+0530][gc,start    ] GC(7) Pause Young (Normal) (G1 Evacuation Pause)
[2024-09-03T16:46:07.371+0530][gc,task     ] GC(7) Using 8 workers of 8 for evacuation
[2024-09-03T16:46:07.381+0530][gc,phases   ] GC(7)   Pre Evacuate Collection Set: 0.2ms
[2024-09-03T16:46:07.381+0530][gc,phases   ] GC(7)   Merge Heap Roots: 0.1ms
[2024-09-03T16:46:07.381+0530][gc,phases   ] GC(7)   Evacuate Collection Set: 8.5ms
[2024-09-03T16:46:07.381+0530][gc,phases   ] GC(7)   Post Evacuate Collection Set: 0.6ms
[2024-09-03T16:46:07.381+0530][gc,phases   ] GC(7)   Other: 0.3ms
[2024-09-03T16:46:07.381+0530][gc,heap     ] GC(7) Eden regions: 47->0(44)
[2024-09-03T16:46:07.381+0530][gc,heap     ] GC(7) Survivor regions: 4->7(7)
[2024-09-03T16:46:07.381+0530][gc,heap     ] GC(7) Old regions: 14->14
[2024-09-03T16:46:07.381+0530][gc,heap     ] GC(7) Archive regions: 2->2
[2024-09-03T16:46:07.381+0530][gc,heap     ] GC(7) Humongous regions: 129->129
[2024-09-03T16:46:07.381+0530][gc,metaspace] GC(7) Metaspace: 42412K(43008K)->42412K(43008K) NonClass: 37428K(37760K)->37428K(37760K) Class: 4983K(5248K)->4983K(5248K)
[2024-09-03T16:46:07.381+0530][gc          ] GC(7) Pause Young (Normal) (G1 Evacuation Pause) 194M->150M(1024M) 9.750ms
[2024-09-03T16:46:07.381+0530][gc,cpu      ] GC(7) User=0.04s Sys=0.02s Real=0.01s
[2024-09-03T16:47:26.806+0530][gc,start    ] GC(8) Pause Young (Normal) (G1 Evacuation Pause)
[2024-09-03T16:47:26.806+0530][gc,task     ] GC(8) Using 8 workers of 8 for evacuation
[2024-09-03T16:47:26.812+0530][gc,phases   ] GC(8)   Pre Evacuate Collection Set: 0.2ms
[2024-09-03T16:47:26.812+0530][gc,phases   ] GC(8)   Merge Heap Roots: 0.1ms
[2024-09-03T16:47:26.812+0530][gc,phases   ] GC(8)   Evacuate Collection Set: 5.0ms
[2024-09-03T16:47:26.812+0530][gc,phases   ] GC(8)   Post Evacuate Collection Set: 0.4ms
[2024-09-03T16:47:26.812+0530][gc,phases   ] GC(8)   Other: 0.2ms
[2024-09-03T16:47:26.812+0530][gc,heap     ] GC(8) Eden regions: 44->0(46)
[2024-09-03T16:47:26.812+0530][gc,heap     ] GC(8) Survivor regions: 7->5(7)
[2024-09-03T16:47:26.812+0530][gc,heap     ] GC(8) Old regions: 14->16
[2024-09-03T16:47:26.812+0530][gc,heap     ] GC(8) Archive regions: 2->2
[2024-09-03T16:47:26.812+0530][gc,heap     ] GC(8) Humongous regions: 129->129
[2024-09-03T16:47:26.812+0530][gc,metaspace] GC(8) Metaspace: 42708K(43328K)->42708K(43328K) NonClass: 37724K(38080K)->37724K(38080K) Class: 4984K(5248K)->4984K(5248K)
[2024-09-03T16:47:26.812+0530][gc          ] GC(8) Pause Young (Normal) (G1 Evacuation Pause) 194M->150M(1024M) 5.949ms
[2024-09-03T16:47:26.812+0530][gc,cpu      ] GC(8) User=0.03s Sys=0.00s Real=0.01s
[2024-09-03T16:48:37.891+0530][gc,start    ] GC(9) Pause Young (Normal) (G1 Evacuation Pause)
[2024-09-03T16:48:37.891+0530][gc,task     ] GC(9) Using 8 workers of 8 for evacuation
[2024-09-03T16:48:37.901+0530][gc,phases   ] GC(9)   Pre Evacuate Collection Set: 0.2ms
[2024-09-03T16:48:37.901+0530][gc,phases   ] GC(9)   Merge Heap Roots: 0.1ms
[2024-09-03T16:48:37.901+0530][gc,phases   ] GC(9)   Evacuate Collection Set: 8.4ms
[2024-09-03T16:48:37.901+0530][gc,phases   ] GC(9)   Post Evacuate Collection Set: 0.3ms
[2024-09-03T16:48:37.901+0530][gc,phases   ] GC(9)   Other: 0.3ms
[2024-09-03T16:48:37.901+0530][gc,heap     ] GC(9) Eden regions: 46->0(45)
[2024-09-03T16:48:37.901+0530][gc,heap     ] GC(9) Survivor regions: 5->6(7)
[2024-09-03T16:48:37.901+0530][gc,heap     ] GC(9) Old regions: 16->19
[2024-09-03T16:48:37.901+0530][gc,heap     ] GC(9) Archive regions: 2->2
[2024-09-03T16:48:37.901+0530][gc,heap     ] GC(9) Humongous regions: 129->129
[2024-09-03T16:48:37.901+0530][gc,metaspace] GC(9) Metaspace: 42930K(43584K)->42930K(43584K) NonClass: 37930K(38272K)->37930K(38272K) Class: 5000K(5312K)->5000K(5312K)
[2024-09-03T16:48:37.901+0530][gc          ] GC(9) Pause Young (Normal) (G1 Evacuation Pause) 196M->153M(1024M) 9.475ms
[2024-09-03T16:48:37.901+0530][gc,cpu      ] GC(9) User=0.05s Sys=0.01s Real=0.01s
[2024-09-03T16:50:30.459+0530][gc,start    ] GC(10) Pause Young (Normal) (G1 Evacuation Pause)
[2024-09-03T16:50:30.459+0530][gc,task     ] GC(10) Using 8 workers of 8 for evacuation
[2024-09-03T16:50:30.466+0530][gc,phases   ] GC(10)   Pre Evacuate Collection Set: 0.2ms
[2024-09-03T16:50:30.466+0530][gc,phases   ] GC(10)   Merge Heap Roots: 0.2ms
[2024-09-03T16:50:30.466+0530][gc,phases   ] GC(10)   Evacuate Collection Set: 5.6ms
[2024-09-03T16:50:30.466+0530][gc,phases   ] GC(10)   Post Evacuate Collection Set: 0.4ms
[2024-09-03T16:50:30.466+0530][gc,phases   ] GC(10)   Other: 0.3ms
[2024-09-03T16:50:30.466+0530][gc,heap     ] GC(10) Eden regions: 45->0(45)
[2024-09-03T16:50:30.466+0530][gc,heap     ] GC(10) Survivor regions: 6->6(7)
[2024-09-03T16:50:30.466+0530][gc,heap     ] GC(10) Old regions: 19->20
[2024-09-03T16:50:30.466+0530][gc,heap     ] GC(10) Archive regions: 2->2
[2024-09-03T16:50:30.466+0530][gc,heap     ] GC(10) Humongous regions: 129->129
[2024-09-03T16:50:30.466+0530][gc,metaspace] GC(10) Metaspace: 43033K(43712K)->43033K(43712K) NonClass: 38022K(38400K)->38022K(38400K) Class: 5010K(5312K)->5010K(5312K)
[2024-09-03T16:50:30.466+0530][gc          ] GC(10) Pause Young (Normal) (G1 Evacuation Pause) 198M->154M(1024M) 6.753ms
[2024-09-03T16:50:30.466+0530][gc,cpu      ] GC(10) User=0.03s Sys=0.01s Real=0.01s
[2024-09-03T16:53:10.455+0530][gc,start    ] GC(11) Pause Young (Normal) (G1 Evacuation Pause)
[2024-09-03T16:53:10.455+0530][gc,task     ] GC(11) Using 8 workers of 8 for evacuation
[2024-09-03T16:53:10.461+0530][gc,phases   ] GC(11)   Pre Evacuate Collection Set: 0.2ms
[2024-09-03T16:53:10.461+0530][gc,phases   ] GC(11)   Merge Heap Roots: 0.2ms
[2024-09-03T16:53:10.461+0530][gc,phases   ] GC(11)   Evacuate Collection Set: 5.4ms
[2024-09-03T16:53:10.461+0530][gc,phases   ] GC(11)   Post Evacuate Collection Set: 0.4ms
[2024-09-03T16:53:10.461+0530][gc,phases   ] GC(11)   Other: 0.3ms
[2024-09-03T16:53:10.461+0530][gc,heap     ] GC(11) Eden regions: 45->0(51)
[2024-09-03T16:53:10.461+0530][gc,heap     ] GC(11) Survivor regions: 6->3(7)
[2024-09-03T16:53:10.461+0530][gc,heap     ] GC(11) Old regions: 20->22
[2024-09-03T16:53:10.461+0530][gc,heap     ] GC(11) Archive regions: 2->2
[2024-09-03T16:53:10.461+0530][gc,heap     ] GC(11) Humongous regions: 129->129
[2024-09-03T16:53:10.461+0530][gc,metaspace] GC(11) Metaspace: 43149K(43776K)->43149K(43776K) NonClass: 38129K(38464K)->38129K(38464K) Class: 5019K(5312K)->5019K(5312K)
[2024-09-03T16:53:10.461+0530][gc          ] GC(11) Pause Young (Normal) (G1 Evacuation Pause) 199M->154M(1024M) 6.630ms
[2024-09-03T16:53:10.461+0530][gc,cpu      ] GC(11) User=0.04s Sys=0.01s Real=0.01s
[2024-09-03T16:56:03.774+0530][gc,start    ] GC(12) Pause Young (Normal) (G1 Evacuation Pause)
[2024-09-03T16:56:03.775+0530][gc,task     ] GC(12) Using 8 workers of 8 for evacuation
[2024-09-03T16:56:03.782+0530][gc,phases   ] GC(12)   Pre Evacuate Collection Set: 0.3ms
[2024-09-03T16:56:03.782+0530][gc,phases   ] GC(12)   Merge Heap Roots: 0.2ms
[2024-09-03T16:56:03.782+0530][gc,phases   ] GC(12)   Evacuate Collection Set: 5.7ms
[2024-09-03T16:56:03.782+0530][gc,phases   ] GC(12)   Post Evacuate Collection Set: 0.6ms
[2024-09-03T16:56:03.782+0530][gc,phases   ] GC(12)   Other: 0.4ms
[2024-09-03T16:56:03.782+0530][gc,heap     ] GC(12) Eden regions: 50->0(60)
[2024-09-03T16:56:03.782+0530][gc,heap     ] GC(12) Survivor regions: 3->4(7)
[2024-09-03T16:56:03.782+0530][gc,heap     ] GC(12) Old regions: 22->22
[2024-09-03T16:56:03.782+0530][gc,heap     ] GC(12) Archive regions: 2->2
[2024-09-03T16:56:03.782+0530][gc,heap     ] GC(12) Humongous regions: 129->129
[2024-09-03T16:56:03.782+0530][gc,metaspace] GC(12) Metaspace: 43266K(43840K)->43266K(43840K) NonClass: 38235K(38528K)->38235K(38528K) Class: 5031K(5312K)->5031K(5312K)
[2024-09-03T16:56:03.782+0530][gc          ] GC(12) Pause Young (Normal) (G1 Evacuation Pause) 204M->155M(1024M) 7.405ms
[2024-09-03T16:56:03.782+0530][gc,cpu      ] GC(12) User=0.04s Sys=0.00s Real=0.01s
[2024-09-03T16:59:25.063+0530][gc,start    ] GC(13) Pause Young (Normal) (G1 Evacuation Pause)
[2024-09-03T16:59:25.063+0530][gc,task     ] GC(13) Using 8 workers of 8 for evacuation
[2024-09-03T16:59:25.071+0530][gc,phases   ] GC(13)   Pre Evacuate Collection Set: 0.2ms
[2024-09-03T16:59:25.071+0530][gc,phases   ] GC(13)   Merge Heap Roots: 0.2ms
[2024-09-03T16:59:25.071+0530][gc,phases   ] GC(13)   Evacuate Collection Set: 6.9ms
[2024-09-03T16:59:25.071+0530][gc,phases   ] GC(13)   Post Evacuate Collection Set: 0.4ms
[2024-09-03T16:59:25.071+0530][gc,phases   ] GC(13)   Other: 0.3ms
[2024-09-03T16:59:25.071+0530][gc,heap     ] GC(13) Eden regions: 60->0(55)
[2024-09-03T16:59:25.071+0530][gc,heap     ] GC(13) Survivor regions: 4->6(8)
[2024-09-03T16:59:25.071+0530][gc,heap     ] GC(13) Old regions: 22->22
[2024-09-03T16:59:25.071+0530][gc,heap     ] GC(13) Archive regions: 2->2
[2024-09-03T16:59:25.071+0530][gc,heap     ] GC(13) Humongous regions: 129->129
[2024-09-03T16:59:25.071+0530][gc,metaspace] GC(13) Metaspace: 43300K(43904K)->43300K(43904K) NonClass: 38268K(38592K)->38268K(38592K) Class: 5031K(5312K)->5031K(5312K)
[2024-09-03T16:59:25.071+0530][gc          ] GC(13) Pause Young (Normal) (G1 Evacuation Pause) 215M->157M(1024M) 8.155ms
[2024-09-03T16:59:25.071+0530][gc,cpu      ] GC(13) User=0.04s Sys=0.01s Real=0.01s
[2024-09-03T17:02:31.198+0530][gc,start    ] GC(14) Pause Young (Normal) (G1 Evacuation Pause)
[2024-09-03T17:02:31.198+0530][gc,task     ] GC(14) Using 8 workers of 8 for evacuation
[2024-09-03T17:02:31.210+0530][gc,phases   ] GC(14)   Pre Evacuate Collection Set: 0.1ms
[2024-09-03T17:02:31.210+0530][gc,phases   ] GC(14)   Merge Heap Roots: 0.1ms
[2024-09-03T17:02:31.210+0530][gc,phases   ] GC(14)   Evacuate Collection Set: 10.3ms
[2024-09-03T17:02:31.210+0530][gc,phases   ] GC(14)   Post Evacuate Collection Set: 0.4ms
[2024-09-03T17:02:31.210+0530][gc,phases   ] GC(14)   Other: 0.2ms
[2024-09-03T17:02:31.210+0530][gc,heap     ] GC(14) Eden regions: 55->0(77)
[2024-09-03T17:02:31.210+0530][gc,heap     ] GC(14) Survivor regions: 6->6(8)
[2024-09-03T17:02:31.210+0530][gc,heap     ] GC(14) Old regions: 22->25
[2024-09-03T17:02:31.210+0530][gc,heap     ] GC(14) Archive regions: 2->2
[2024-09-03T17:02:31.210+0530][gc,heap     ] GC(14) Humongous regions: 129->129
[2024-09-03T17:02:31.210+0530][gc,metaspace] GC(14) Metaspace: 43345K(43968K)->43345K(43968K) NonClass: 38313K(38656K)->38313K(38656K) Class: 5031K(5312K)->5031K(5312K)
[2024-09-03T17:02:31.210+0530][gc          ] GC(14) Pause Young (Normal) (G1 Evacuation Pause) 212M->159M(1024M) 11.419ms
[2024-09-03T17:02:31.210+0530][gc,cpu      ] GC(14) User=0.04s Sys=0.01s Real=0.02s
[2024-09-03T17:07:14.503+0530][gc,start    ] GC(15) Pause Young (Normal) (G1 Evacuation Pause)
[2024-09-03T17:07:14.503+0530][gc,task     ] GC(15) Using 8 workers of 8 for evacuation
[2024-09-03T17:07:14.517+0530][gc,phases   ] GC(15)   Pre Evacuate Collection Set: 0.2ms
[2024-09-03T17:07:14.517+0530][gc,phases   ] GC(15)   Merge Heap Roots: 0.1ms
[2024-09-03T17:07:14.517+0530][gc,phases   ] GC(15)   Evacuate Collection Set: 9.9ms
[2024-09-03T17:07:14.517+0530][gc,phases   ] GC(15)   Post Evacuate Collection Set: 0.3ms
[2024-09-03T17:07:14.518+0530][gc,phases   ] GC(15)   Other: 4.1ms
[2024-09-03T17:07:14.518+0530][gc,heap     ] GC(15) Eden regions: 77->0(76)
[2024-09-03T17:07:14.518+0530][gc,heap     ] GC(15) Survivor regions: 6->10(11)
[2024-09-03T17:07:14.518+0530][gc,heap     ] GC(15) Old regions: 25->25
[2024-09-03T17:07:14.518+0530][gc,heap     ] GC(15) Archive regions: 2->2
[2024-09-03T17:07:14.518+0530][gc,heap     ] GC(15) Humongous regions: 129->129
[2024-09-03T17:07:14.518+0530][gc,metaspace] GC(15) Metaspace: 43379K(43968K)->43379K(43968K) NonClass: 38348K(38656K)->38348K(38656K) Class: 5031K(5312K)->5031K(5312K)
[2024-09-03T17:07:14.518+0530][gc          ] GC(15) Pause Young (Normal) (G1 Evacuation Pause) 236M->163M(1024M) 14.931ms
[2024-09-03T17:07:14.518+0530][gc,cpu      ] GC(15) User=0.06s Sys=0.01s Real=0.01s
[2024-09-03T17:08:59.076+0530][gc,start    ] GC(16) Pause Young (Normal) (G1 Evacuation Pause)
[2024-09-03T17:08:59.078+0530][gc,task     ] GC(16) Using 8 workers of 8 for evacuation
[2024-09-03T17:08:59.087+0530][gc,phases   ] GC(16)   Pre Evacuate Collection Set: 0.1ms
[2024-09-03T17:08:59.087+0530][gc,phases   ] GC(16)   Merge Heap Roots: 0.1ms
[2024-09-03T17:08:59.087+0530][gc,phases   ] GC(16)   Evacuate Collection Set: 8.6ms
[2024-09-03T17:08:59.087+0530][gc,phases   ] GC(16)   Post Evacuate Collection Set: 0.4ms
[2024-09-03T17:08:59.087+0530][gc,phases   ] GC(16)   Other: 2.0ms
[2024-09-03T17:08:59.087+0530][gc,heap     ] GC(16) Eden regions: 76->0(86)
[2024-09-03T17:08:59.087+0530][gc,heap     ] GC(16) Survivor regions: 10->8(11)
[2024-09-03T17:08:59.087+0530][gc,heap     ] GC(16) Old regions: 25->28
[2024-09-03T17:08:59.087+0530][gc,heap     ] GC(16) Archive regions: 2->2
[2024-09-03T17:08:59.087+0530][gc,heap     ] GC(16) Humongous regions: 129->129
[2024-09-03T17:08:59.087+0530][gc,metaspace] GC(16) Metaspace: 43491K(44096K)->43491K(44096K) NonClass: 38460K(38784K)->38460K(38784K) Class: 5031K(5312K)->5031K(5312K)
[2024-09-03T17:08:59.087+0530][gc          ] GC(16) Pause Young (Normal) (G1 Evacuation Pause) 239M->165M(1024M) 11.419ms
[2024-09-03T17:08:59.087+0530][gc,cpu      ] GC(16) User=0.05s Sys=0.01s Real=0.01s
[2024-09-03T17:11:09.143+0530][gc,start    ] GC(17) Pause Young (Normal) (G1 Evacuation Pause)
[2024-09-03T17:11:09.143+0530][gc,task     ] GC(17) Using 8 workers of 8 for evacuation
[2024-09-03T17:11:09.158+0530][gc,phases   ] GC(17)   Pre Evacuate Collection Set: 2.0ms
[2024-09-03T17:11:09.158+0530][gc,phases   ] GC(17)   Merge Heap Roots: 0.3ms
[2024-09-03T17:11:09.158+0530][gc,phases   ] GC(17)   Evacuate Collection Set: 11.0ms
[2024-09-03T17:11:09.158+0530][gc,phases   ] GC(17)   Post Evacuate Collection Set: 1.5ms
[2024-09-03T17:11:09.158+0530][gc,phases   ] GC(17)   Other: 0.6ms
[2024-09-03T17:11:09.158+0530][gc,heap     ] GC(17) Eden regions: 86->0(107)
[2024-09-03T17:11:09.158+0530][gc,heap     ] GC(17) Survivor regions: 8->7(12)
[2024-09-03T17:11:09.158+0530][gc,heap     ] GC(17) Old regions: 28->30
[2024-09-03T17:11:09.158+0530][gc,heap     ] GC(17) Archive regions: 2->2
[2024-09-03T17:11:09.158+0530][gc,heap     ] GC(17) Humongous regions: 129->129
[2024-09-03T17:11:09.158+0530][gc,metaspace] GC(17) Metaspace: 43519K(44096K)->43519K(44096K) NonClass: 38488K(38784K)->38488K(38784K) Class: 5031K(5312K)->5031K(5312K)
[2024-09-03T17:11:09.158+0530][gc          ] GC(17) Pause Young (Normal) (G1 Evacuation Pause) 251M->165M(1024M) 15.370ms
[2024-09-03T17:11:09.158+0530][gc,cpu      ] GC(17) User=0.05s Sys=0.04s Real=0.01s
[2024-09-03T17:13:32.063+0530][gc,start    ] GC(18) Pause Young (Normal) (G1 Evacuation Pause)
[2024-09-03T17:13:32.069+0530][gc,task     ] GC(18) Using 8 workers of 8 for evacuation
[2024-09-03T17:13:32.082+0530][gc,phases   ] GC(18)   Pre Evacuate Collection Set: 0.2ms
[2024-09-03T17:13:32.082+0530][gc,phases   ] GC(18)   Merge Heap Roots: 0.1ms
[2024-09-03T17:13:32.082+0530][gc,phases   ] GC(18)   Evacuate Collection Set: 8.9ms
[2024-09-03T17:13:32.082+0530][gc,phases   ] GC(18)   Post Evacuate Collection Set: 0.4ms
[2024-09-03T17:13:32.082+0530][gc,phases   ] GC(18)   Other: 10.0ms
[2024-09-03T17:13:32.082+0530][gc,heap     ] GC(18) Eden regions: 106->0(105)
[2024-09-03T17:13:32.082+0530][gc,heap     ] GC(18) Survivor regions: 7->9(15)
[2024-09-03T17:13:32.082+0530][gc,heap     ] GC(18) Old regions: 30->30
[2024-09-03T17:13:32.082+0530][gc,heap     ] GC(18) Archive regions: 2->2
[2024-09-03T17:13:32.082+0530][gc,heap     ] GC(18) Humongous regions: 129->129
[2024-09-03T17:13:32.083+0530][gc,metaspace] GC(18) Metaspace: 43543K(44160K)->43543K(44160K) NonClass: 38511K(38848K)->38511K(38848K) Class: 5031K(5312K)->5031K(5312K)
[2024-09-03T17:13:32.083+0530][gc          ] GC(18) Pause Young (Normal) (G1 Evacuation Pause) 271M->167M(1024M) 19.825ms
[2024-09-03T17:13:32.083+0530][gc,cpu      ] GC(18) User=0.05s Sys=0.01s Real=0.02s
[2024-09-03T17:15:45.774+0530][gc,start    ] GC(19) Pause Young (Normal) (G1 Evacuation Pause)
[2024-09-03T17:15:45.776+0530][gc,task     ] GC(19) Using 8 workers of 8 for evacuation
[2024-09-03T17:15:45.787+0530][gc,phases   ] GC(19)   Pre Evacuate Collection Set: 0.2ms
[2024-09-03T17:15:45.787+0530][gc,phases   ] GC(19)   Merge Heap Roots: 0.1ms
[2024-09-03T17:15:45.787+0530][gc,phases   ] GC(19)   Evacuate Collection Set: 10.0ms
[2024-09-03T17:15:45.787+0530][gc,phases   ] GC(19)   Post Evacuate Collection Set: 0.3ms
[2024-09-03T17:15:45.787+0530][gc,phases   ] GC(19)   Other: 2.4ms
[2024-09-03T17:15:45.787+0530][gc,heap     ] GC(19) Eden regions: 105->0(109)
[2024-09-03T17:15:45.787+0530][gc,heap     ] GC(19) Survivor regions: 9->10(15)
[2024-09-03T17:15:45.787+0530][gc,heap     ] GC(19) Old regions: 30->32
[2024-09-03T17:15:45.787+0530][gc,heap     ] GC(19) Archive regions: 2->2
[2024-09-03T17:15:45.787+0530][gc,heap     ] GC(19) Humongous regions: 129->129
[2024-09-03T17:15:45.787+0530][gc,metaspace] GC(19) Metaspace: 43606K(44160K)->43606K(44160K) NonClass: 38574K(38848K)->38574K(38848K) Class: 5031K(5312K)->5031K(5312K)
[2024-09-03T17:15:45.787+0530][gc          ] GC(19) Pause Young (Normal) (G1 Evacuation Pause) 272M->171M(1024M) 13.169ms
[2024-09-03T17:15:45.787+0530][gc,cpu      ] GC(19) User=0.07s Sys=0.00s Real=0.01s
[2024-09-03T17:17:29.839+0530][gc,start    ] GC(20) Pause Young (Normal) (G1 Evacuation Pause)
[2024-09-03T17:17:29.839+0530][gc,task     ] GC(20) Using 8 workers of 8 for evacuation
[2024-09-03T17:17:29.851+0530][gc,phases   ] GC(20)   Pre Evacuate Collection Set: 0.2ms
[2024-09-03T17:17:29.851+0530][gc,phases   ] GC(20)   Merge Heap Roots: 0.1ms
[2024-09-03T17:17:29.851+0530][gc,phases   ] GC(20)   Evacuate Collection Set: 11.5ms
[2024-09-03T17:17:29.851+0530][gc,phases   ] GC(20)   Post Evacuate Collection Set: 0.4ms
[2024-09-03T17:17:29.852+0530][gc,phases   ] GC(20)   Other: 0.3ms
[2024-09-03T17:17:29.852+0530][gc,heap     ] GC(20) Eden regions: 108->0(122)
[2024-09-03T17:17:29.852+0530][gc,heap     ] GC(20) Survivor regions: 10->11(15)
[2024-09-03T17:17:29.852+0530][gc,heap     ] GC(20) Old regions: 32->35
[2024-09-03T17:17:29.852+0530][gc,heap     ] GC(20) Archive regions: 2->2
[2024-09-03T17:17:29.852+0530][gc,heap     ] GC(20) Humongous regions: 129->129
[2024-09-03T17:17:29.852+0530][gc,metaspace] GC(20) Metaspace: 43622K(44224K)->43622K(44224K) NonClass: 38590K(38912K)->38590K(38912K) Class: 5032K(5312K)->5032K(5312K)
[2024-09-03T17:17:29.852+0530][gc          ] GC(20) Pause Young (Normal) (G1 Evacuation Pause) 279M->174M(1024M) 12.662ms
[2024-09-03T17:17:29.852+0530][gc,cpu      ] GC(20) User=0.09s Sys=0.01s Real=0.02s
[2024-09-03T17:20:13.311+0530][gc,start    ] GC(21) Pause Young (Normal) (G1 Evacuation Pause)
[2024-09-03T17:20:13.313+0530][gc,task     ] GC(21) Using 8 workers of 8 for evacuation
[2024-09-03T17:20:13.327+0530][gc,phases   ] GC(21)   Pre Evacuate Collection Set: 0.2ms
[2024-09-03T17:20:13.327+0530][gc,phases   ] GC(21)   Merge Heap Roots: 0.1ms
[2024-09-03T17:20:13.327+0530][gc,phases   ] GC(21)   Evacuate Collection Set: 13.6ms
[2024-09-03T17:20:13.327+0530][gc,phases   ] GC(21)   Post Evacuate Collection Set: 0.4ms
[2024-09-03T17:20:13.328+0530][gc,phases   ] GC(21)   Other: 2.2ms
[2024-09-03T17:20:13.328+0530][gc,heap     ] GC(21) Eden regions: 121->0(125)
[2024-09-03T17:20:13.328+0530][gc,heap     ] GC(21) Survivor regions: 11->11(17)
[2024-09-03T17:20:13.328+0530][gc,heap     ] GC(21) Old regions: 35->38
[2024-09-03T17:20:13.328+0530][gc,heap     ] GC(21) Archive regions: 2->2
[2024-09-03T17:20:13.328+0530][gc,heap     ] GC(21) Humongous regions: 129->129
[2024-09-03T17:20:13.328+0530][gc,metaspace] GC(21) Metaspace: 43649K(44224K)->43649K(44224K) NonClass: 38615K(38912K)->38615K(38912K) Class: 5034K(5312K)->5034K(5312K)
[2024-09-03T17:20:13.328+0530][gc          ] GC(21) Pause Young (Normal) (G1 Evacuation Pause) 295M->178M(1024M) 16.611ms
[2024-09-03T17:20:13.328+0530][gc,cpu      ] GC(21) User=0.09s Sys=0.01s Real=0.01s
[2024-09-03T17:22:35.208+0530][gc,start    ] GC(22) Pause Young (Normal) (G1 Evacuation Pause)
[2024-09-03T17:22:35.210+0530][gc,task     ] GC(22) Using 8 workers of 8 for evacuation
[2024-09-03T17:22:35.224+0530][gc,phases   ] GC(22)   Pre Evacuate Collection Set: 0.2ms
[2024-09-03T17:22:35.224+0530][gc,phases   ] GC(22)   Merge Heap Roots: 0.1ms
[2024-09-03T17:22:35.224+0530][gc,phases   ] GC(22)   Evacuate Collection Set: 13.5ms
[2024-09-03T17:22:35.224+0530][gc,phases   ] GC(22)   Post Evacuate Collection Set: 0.4ms
[2024-09-03T17:22:35.224+0530][gc,phases   ] GC(22)   Other: 2.4ms
[2024-09-03T17:22:35.224+0530][gc,heap     ] GC(22) Eden regions: 125->0(134)
[2024-09-03T17:22:35.224+0530][gc,heap     ] GC(22) Survivor regions: 11->13(17)
[2024-09-03T17:22:35.224+0530][gc,heap     ] GC(22) Old regions: 38->41
[2024-09-03T17:22:35.224+0530][gc,heap     ] GC(22) Archive regions: 2->2
[2024-09-03T17:22:35.224+0530][gc,heap     ] GC(22) Humongous regions: 129->129
[2024-09-03T17:22:35.224+0530][gc,metaspace] GC(22) Metaspace: 43693K(44288K)->43693K(44288K) NonClass: 38658K(38976K)->38658K(38976K) Class: 5034K(5312K)->5034K(5312K)
[2024-09-03T17:22:35.224+0530][gc          ] GC(22) Pause Young (Normal) (G1 Evacuation Pause) 303M->183M(1024M) 16.728ms
[2024-09-03T17:22:35.224+0530][gc,cpu      ] GC(22) User=0.09s Sys=0.01s Real=0.02s
[2024-09-03T17:25:15.857+0530][gc,start    ] GC(23) Pause Young (Normal) (G1 Evacuation Pause)
[2024-09-03T17:25:15.859+0530][gc,task     ] GC(23) Using 8 workers of 8 for evacuation
[2024-09-03T17:25:15.874+0530][gc,phases   ] GC(23)   Pre Evacuate Collection Set: 0.2ms
[2024-09-03T17:25:15.874+0530][gc,phases   ] GC(23)   Merge Heap Roots: 0.1ms
[2024-09-03T17:25:15.874+0530][gc,phases   ] GC(23)   Evacuate Collection Set: 13.5ms
[2024-09-03T17:25:15.874+0530][gc,phases   ] GC(23)   Post Evacuate Collection Set: 0.3ms
[2024-09-03T17:25:15.874+0530][gc,phases   ] GC(23)   Other: 2.1ms
[2024-09-03T17:25:15.874+0530][gc,heap     ] GC(23) Eden regions: 133->0(134)
[2024-09-03T17:25:15.874+0530][gc,heap     ] GC(23) Survivor regions: 13->15(19)
[2024-09-03T17:25:15.874+0530][gc,heap     ] GC(23) Old regions: 41->45
[2024-09-03T17:25:15.874+0530][gc,heap     ] GC(23) Archive regions: 2->2
[2024-09-03T17:25:15.874+0530][gc,heap     ] GC(23) Humongous regions: 129->129
[2024-09-03T17:25:15.874+0530][gc,metaspace] GC(23) Metaspace: 43742K(44352K)->43742K(44352K) NonClass: 38708K(39040K)->38708K(39040K) Class: 5034K(5312K)->5034K(5312K)
[2024-09-03T17:25:15.874+0530][gc          ] GC(23) Pause Young (Normal) (G1 Evacuation Pause) 316M->188M(1024M) 16.286ms
[2024-09-03T17:25:15.874+0530][gc,cpu      ] GC(23) User=0.08s Sys=0.01s Real=0.02s
[2024-09-03T17:28:15.338+0530][gc,start    ] GC(24) Pause Young (Normal) (G1 Evacuation Pause)
[2024-09-03T17:28:15.340+0530][gc,task     ] GC(24) Using 8 workers of 8 for evacuation
[2024-09-03T17:28:15.354+0530][gc,phases   ] GC(24)   Pre Evacuate Collection Set: 0.2ms
[2024-09-03T17:28:15.354+0530][gc,phases   ] GC(24)   Merge Heap Roots: 0.1ms
[2024-09-03T17:28:15.354+0530][gc,phases   ] GC(24)   Evacuate Collection Set: 13.3ms
[2024-09-03T17:28:15.354+0530][gc,phases   ] GC(24)   Post Evacuate Collection Set: 0.5ms
[2024-09-03T17:28:15.354+0530][gc,phases   ] GC(24)   Other: 2.2ms
[2024-09-03T17:28:15.354+0530][gc,heap     ] GC(24) Eden regions: 134->0(165)
[2024-09-03T17:28:15.354+0530][gc,heap     ] GC(24) Survivor regions: 15->10(19)
[2024-09-03T17:28:15.354+0530][gc,heap     ] GC(24) Old regions: 45->52
[2024-09-03T17:28:15.354+0530][gc,heap     ] GC(24) Archive regions: 2->2
[2024-09-03T17:28:15.354+0530][gc,heap     ] GC(24) Humongous regions: 129->129
[2024-09-03T17:28:15.354+0530][gc,metaspace] GC(24) Metaspace: 43767K(44352K)->43767K(44352K) NonClass: 38732K(39040K)->38732K(39040K) Class: 5034K(5312K)->5034K(5312K)
[2024-09-03T17:28:15.354+0530][gc          ] GC(24) Pause Young (Normal) (G1 Evacuation Pause) 322M->190M(1024M) 16.451ms
[2024-09-03T17:28:15.354+0530][gc,cpu      ] GC(24) User=0.09s Sys=0.01s Real=0.02s
[2024-09-03T17:32:47.413+0530][gc,start    ] GC(25) Pause Young (Normal) (G1 Evacuation Pause)
[2024-09-03T17:32:47.415+0530][gc,task     ] GC(25) Using 8 workers of 8 for evacuation
[2024-09-03T17:32:47.437+0530][gc,mmu      ] GC(25) MMU target violated: 21.0ms (20.0ms/21.0ms)
[2024-09-03T17:32:47.437+0530][gc,phases   ] GC(25)   Pre Evacuate Collection Set: 0.3ms
[2024-09-03T17:32:47.437+0530][gc,phases   ] GC(25)   Merge Heap Roots: 0.2ms
[2024-09-03T17:32:47.437+0530][gc,phases   ] GC(25)   Evacuate Collection Set: 20.7ms
[2024-09-03T17:32:47.437+0530][gc,phases   ] GC(25)   Post Evacuate Collection Set: 0.5ms
[2024-09-03T17:32:47.437+0530][gc,phases   ] GC(25)   Other: 2.6ms
[2024-09-03T17:32:47.437+0530][gc,heap     ] GC(25) Eden regions: 165->0(125)
[2024-09-03T17:32:47.437+0530][gc,heap     ] GC(25) Survivor regions: 10->15(22)
[2024-09-03T17:32:47.437+0530][gc,heap     ] GC(25) Old regions: 52->52
[2024-09-03T17:32:47.437+0530][gc,heap     ] GC(25) Archive regions: 2->2
[2024-09-03T17:32:47.437+0530][gc,heap     ] GC(25) Humongous regions: 129->129
[2024-09-03T17:32:47.437+0530][gc,metaspace] GC(25) Metaspace: 43790K(44416K)->43790K(44416K) NonClass: 38756K(39104K)->38756K(39104K) Class: 5034K(5312K)->5034K(5312K)
[2024-09-03T17:32:47.437+0530][gc          ] GC(25) Pause Young (Normal) (G1 Evacuation Pause) 355M->195M(1024M) 24.360ms
[2024-09-03T17:32:47.437+0530][gc,cpu      ] GC(25) User=0.09s Sys=0.06s Real=0.02s
